<?xml version="1.0" encoding="UTF-8"?>
<testng-results ignored="0" total="1" passed="1" failed="0" skipped="0">
  <reporter-output>
  </reporter-output>
  <suite started-at="2025-03-04T18:27:11 IST" name="Default suite" finished-at="2025-03-04T18:27:17 IST" duration-ms="5913">
    <groups>
    </groups>
    <test started-at="2025-03-04T18:27:11 IST" name="Default test" finished-at="2025-03-04T18:27:17 IST" duration-ms="5913">
      <class name="com.pranoti.selenium.crossbrowser">
        <test-method is-config="true" signature="setup(java.lang.String)[pri:0, instance:com.pranoti.selenium.crossbrowser@79da8dc5]" started-at="2025-03-04T18:27:11 IST" name="setup" finished-at="2025-03-04T18:27:13 IST" duration-ms="1901" status="PASS">
          <params>
            <param index="0">
              <value>
                <![CDATA[chrome]]>
              </value>
            </param>
          </params>
          <reporter-output>
          </reporter-output>
        </test-method> <!-- setup -->
        <test-method signature="testGoogle()[pri:0, instance:com.pranoti.selenium.crossbrowser@79da8dc5]" started-at="2025-03-04T18:27:13 IST" name="testGoogle" finished-at="2025-03-04T18:27:16 IST" duration-ms="3707" status="PASS">
          <reporter-output>
          </reporter-output>
        </test-method> <!-- testGoogle -->
        <test-method is-config="true" signature="tearDown()[pri:0, instance:com.pranoti.selenium.crossbrowser@79da8dc5]" started-at="2025-03-04T18:27:16 IST" name="tearDown" finished-at="2025-03-04T18:27:17 IST" duration-ms="272" status="PASS">
          <reporter-output>
          </reporter-output>
        </test-method> <!-- tearDown -->
      </class> <!-- com.pranoti.selenium.crossbrowser -->
    </test> <!-- Default test -->
  </suite> <!-- Default suite -->
</testng-results>
